info: Server started at http://localhost:3000/api-docs {"timestamp":"2024-05-03T02:26:05.746Z"}
info: Connected to the database. {"timestamp":"2024-05-03T02:26:05.802Z"}
info: Server started at http://localhost:3000/api {"timestamp":"2024-05-03T02:26:27.781Z"}
info: Connected to the database. {"timestamp":"2024-05-03T02:26:27.805Z"}
info: Server started at http://localhost:3000/api {"timestamp":"2024-05-03T02:28:13.890Z"}
info: Connected to the database. {"timestamp":"2024-05-03T02:28:13.922Z"}
info: Server started at http://localhost:3000/api {"timestamp":"2024-05-03T02:30:30.246Z"}
info: Connected to the database. {"timestamp":"2024-05-03T02:30:30.269Z"}
info: Server started at http://localhost:3000/api-docs {"timestamp":"2024-05-03T02:30:39.570Z"}
info: Connected to the database. {"timestamp":"2024-05-03T02:30:39.598Z"}
info: Server started at http://localhost:3000/api-docs {"timestamp":"2024-05-03T02:31:12.019Z"}
info: Connected to the database. {"timestamp":"2024-05-03T02:31:12.045Z"}
info: Server started at http://localhost:3000/api-docs {"timestamp":"2024-05-03T02:33:20.507Z"}
info: Connected to the database. {"timestamp":"2024-05-03T02:33:20.531Z"}
error: 
    status - 500 
    message - ValidationError: "first_name" length must be at least 4 characters long 
    url - /api/users/ 
    method - POST 
    IP - ::1
   {"timestamp":"2024-05-03T02:33:52.196Z"}
error: 
    status - 500 
    message - ValidationError: "password" length must be at least 8 characters long 
    url - /api/users/ 
    method - POST 
    IP - ::1
   {"timestamp":"2024-05-03T02:34:02.349Z"}
info: Server started at http://localhost:3000/api-docs {"timestamp":"2024-05-03T02:35:23.881Z"}
info: Connected to the database. {"timestamp":"2024-05-03T02:35:23.921Z"}
info: Server started at http://localhost:3000/api-docs {"timestamp":"2024-05-03T02:35:38.883Z"}
info: Connected to the database. {"timestamp":"2024-05-03T02:35:38.905Z"}
info: Server started at http://localhost:3000/api-docs {"timestamp":"2024-05-03T02:36:11.600Z"}
info: Connected to the database. {"timestamp":"2024-05-03T02:36:11.633Z"}
info: Server started at http://localhost:3000/api-docs {"timestamp":"2024-05-03T02:37:26.936Z"}
info: Connected to the database. {"timestamp":"2024-05-03T02:37:26.957Z"}
info: Server started at http://localhost:3000/api-docs {"timestamp":"2024-05-03T02:39:04.945Z"}
info: Connected to the database. {"timestamp":"2024-05-03T02:39:04.973Z"}
info: Server started at http://localhost:3000/api-docs {"timestamp":"2024-05-03T02:39:12.940Z"}
info: Connected to the database. {"timestamp":"2024-05-03T02:39:12.960Z"}
error: 
      status - 400
      message - Authorization token is required 
      url - /api/users/reset 
      method - PUT 
      IP - ::1
     {"timestamp":"2024-05-03T02:40:50.586Z"}
info: Server started at http://localhost:3000/api-docs {"timestamp":"2024-05-03T02:43:31.020Z"}
info: Connected to the database. {"timestamp":"2024-05-03T02:43:31.045Z"}
info: Server started at http://localhost:3000/api-docs {"timestamp":"2024-05-03T02:43:46.854Z"}
info: Connected to the database. {"timestamp":"2024-05-03T02:43:46.876Z"}
error: 
      status - 400
      message - Authorization token is required 
      url - /api/users/reset 
      method - PUT 
      IP - ::1
     {"timestamp":"2024-05-03T02:45:29.932Z"}
info: Server started at http://localhost:3000/api-docs {"timestamp":"2024-05-03T02:47:37.856Z"}
info: Connected to the database. {"timestamp":"2024-05-03T02:47:37.881Z"}
info: Server started at http://localhost:3000/api-docs {"timestamp":"2024-05-03T02:48:07.714Z"}
info: Connected to the database. {"timestamp":"2024-05-03T02:48:07.739Z"}
error: 
      status - 400
      message - Authorization token is required 
      url - /api/users/reset 
      method - PUT 
      IP - ::1
     {"timestamp":"2024-05-03T02:48:25.459Z"}
info: Server started at http://localhost:3000/api-docs {"timestamp":"2024-05-03T02:49:07.803Z"}
info: Connected to the database. {"timestamp":"2024-05-03T02:49:07.829Z"}
info: Server started at http://localhost:3000/api-docs {"timestamp":"2024-05-03T02:49:57.737Z"}
info: Connected to the database. {"timestamp":"2024-05-03T02:49:57.765Z"}
info: Server started at http://localhost:3000/api-docs {"timestamp":"2024-05-03T02:52:59.785Z"}
info: Connected to the database. {"timestamp":"2024-05-03T02:52:59.815Z"}
info: Server started at http://localhost:3000/api-docs {"timestamp":"2024-05-03T04:17:44.654Z"}
info: Connected to the database. {"timestamp":"2024-05-03T04:17:44.687Z"}
error: 
      status - 400
      message - Authorization token is required 
      url - /api/users/reset 
      method - PUT 
      IP - ::1
     {"timestamp":"2024-05-03T04:18:49.875Z"}
info: Server started at http://localhost:3000/api-docs {"timestamp":"2024-05-03T04:19:56.883Z"}
info: Connected to the database. {"timestamp":"2024-05-03T04:19:56.913Z"}
error: 
      status - 400
      message - Authorization token is required 
      url - /api/users/reset 
      method - PUT 
      IP - ::1
     {"timestamp":"2024-05-03T04:20:13.342Z"}
info: Server started at http://localhost:3000/api-docs {"timestamp":"2024-05-03T04:20:31.790Z"}
info: Connected to the database. {"timestamp":"2024-05-03T04:20:31.813Z"}
info: Server started at http://localhost:3000/api-docs {"timestamp":"2024-05-03T04:20:45.456Z"}
info: Connected to the database. {"timestamp":"2024-05-03T04:20:45.485Z"}
error: 
      status - 400
      message - Authorization token is required 
      url - /api/users/reset 
      method - PUT 
      IP - ::1
     {"timestamp":"2024-05-03T04:20:46.880Z"}
info: Server started at http://localhost:3000/api-docs {"timestamp":"2024-05-03T04:22:51.686Z"}
info: Connected to the database. {"timestamp":"2024-05-03T04:22:51.736Z"}
info: Server started at http://localhost:3000/api-docs {"timestamp":"2024-05-03T04:23:29.120Z"}
info: Connected to the database. {"timestamp":"2024-05-03T04:23:29.156Z"}
info: Server started at http://localhost:3000/api-docs {"timestamp":"2024-05-03T04:24:25.422Z"}
info: Connected to the database. {"timestamp":"2024-05-03T04:24:25.442Z"}
error: 
      status - 400
      message - Authorization token is required 
      url - /api/users/reset 
      method - PUT 
      IP - ::1
     {"timestamp":"2024-05-03T04:24:29.451Z"}
error: 
      status - 400
      message - Authorization token is required 
      url - /api/users/reset 
      method - PUT 
      IP - ::1
     {"timestamp":"2024-05-03T04:24:31.949Z"}
info: Server started at http://localhost:3000/api-docs {"timestamp":"2024-05-03T04:25:08.978Z"}
info: Connected to the database. {"timestamp":"2024-05-03T04:25:09.005Z"}
info: Server started at http://localhost:3000/api-docs {"timestamp":"2024-05-03T04:25:21.741Z"}
info: Connected to the database. {"timestamp":"2024-05-03T04:25:21.770Z"}
error: 
      status - 400
      message - Authorization token is required 
      url - /api/users/reset 
      method - PUT 
      IP - ::1
     {"timestamp":"2024-05-03T04:25:56.302Z"}
info: Server started at http://localhost:3000/api-docs {"timestamp":"2024-05-03T06:07:22.629Z"}
info: Connected to the database. {"timestamp":"2024-05-03T06:07:22.663Z"}
error: 
      status - 400
      message - Authorization token is required 
      url - /api/users/reset 
      method - PUT 
      IP - ::1
     {"timestamp":"2024-05-03T06:08:55.704Z"}
info: Server started at http://localhost:3000/api-docs {"timestamp":"2024-05-03T06:09:50.903Z"}
info: Connected to the database. {"timestamp":"2024-05-03T06:09:50.927Z"}
info: Server started at http://localhost:3000/api-docs {"timestamp":"2024-05-03T08:27:37.370Z"}
info: Server started at http://localhost:3000/api-docs {"timestamp":"2024-05-03T08:32:26.683Z"}
info: Server started at http://localhost:3000/api-docs {"timestamp":"2024-05-03T08:33:26.992Z"}
info: Server started at http://localhost:3000/api-docs {"timestamp":"2024-05-03T08:35:17.551Z"}
info: Server started at http://localhost:3000/api-docs {"timestamp":"2024-05-03T08:47:27.192Z"}
