info: Connected to the database. {"timestamp":"2024-05-01T04:00:44.680Z"}
info: Server started at http://localhost:3000/api-docs {"timestamp":"2024-05-01T04:01:09.060Z"}
info: Connected to the database. {"timestamp":"2024-05-01T04:01:09.086Z"}
info: Server started at http://localhost:3000/api-docs {"timestamp":"2024-05-01T04:03:04.898Z"}
info: Connected to the database. {"timestamp":"2024-05-01T04:03:04.917Z"}
info: Server started at http://localhost:3000/api-docs {"timestamp":"2024-05-01T04:03:09.461Z"}
info: Connected to the database. {"timestamp":"2024-05-01T04:03:09.480Z"}
info: Server started at http://localhost:3000/api-docs {"timestamp":"2024-05-01T04:03:16.430Z"}
info: Connected to the database. {"timestamp":"2024-05-01T04:03:16.450Z"}
info: Server started at http://localhost:3000/api-docs {"timestamp":"2024-05-01T04:03:25.385Z"}
info: Connected to the database. {"timestamp":"2024-05-01T04:03:25.406Z"}
info: Server started at http://localhost:3000/api-docs {"timestamp":"2024-05-01T04:03:36.054Z"}
info: Connected to the database. {"timestamp":"2024-05-01T04:03:36.073Z"}
info: Server started at http://localhost:3000/api-docs {"timestamp":"2024-05-01T04:03:41.638Z"}
info: Connected to the database. {"timestamp":"2024-05-01T04:03:41.657Z"}
info: Server started at http://localhost:3000/api-docs {"timestamp":"2024-05-01T04:03:47.525Z"}
info: Connected to the database. {"timestamp":"2024-05-01T04:03:47.545Z"}
info: Server started at http://localhost:3000/api-docs {"timestamp":"2024-05-01T04:03:52.602Z"}
info: Connected to the database. {"timestamp":"2024-05-01T04:03:52.619Z"}
info: Server started at http://localhost:3000/api-docs {"timestamp":"2024-05-01T04:04:00.398Z"}
info: Connected to the database. {"timestamp":"2024-05-01T04:04:00.421Z"}
info: Server started at http://localhost:3000/api-docs {"timestamp":"2024-05-01T04:04:06.965Z"}
info: Connected to the database. {"timestamp":"2024-05-01T04:04:06.983Z"}
info: Server started at http://localhost:3000/api-docs {"timestamp":"2024-05-01T04:04:26.860Z"}
info: Connected to the database. {"timestamp":"2024-05-01T04:04:26.881Z"}
info: Server started at http://localhost:3000/api-docs {"timestamp":"2024-05-01T04:04:42.016Z"}
info: Connected to the database. {"timestamp":"2024-05-01T04:04:42.038Z"}
info: Server started at http://localhost:3000/api-docs {"timestamp":"2024-05-01T04:04:46.526Z"}
info: Connected to the database. {"timestamp":"2024-05-01T04:04:46.573Z"}
info: Server started at http://localhost:3000/api-docs {"timestamp":"2024-05-01T04:04:53.650Z"}
info: Connected to the database. {"timestamp":"2024-05-01T04:04:53.668Z"}
info: Server started at http://localhost:3000/api-docs {"timestamp":"2024-05-01T04:05:18.458Z"}
info: Connected to the database. {"timestamp":"2024-05-01T04:05:18.485Z"}
info: Server started at http://localhost:3000/api-docs {"timestamp":"2024-05-01T04:05:31.040Z"}
info: Connected to the database. {"timestamp":"2024-05-01T04:05:31.061Z"}
info: Server started at http://localhost:3000/api-docs {"timestamp":"2024-05-01T04:05:37.107Z"}
info: Connected to the database. {"timestamp":"2024-05-01T04:05:37.128Z"}
info: Server started at http://localhost:3000/api-docs {"timestamp":"2024-05-01T04:05:53.190Z"}
info: Connected to the database. {"timestamp":"2024-05-01T04:05:53.212Z"}
info: Server started at http://localhost:3000/api-docs {"timestamp":"2024-05-01T04:06:07.155Z"}
info: Connected to the database. {"timestamp":"2024-05-01T04:06:07.180Z"}
info: Server started at http://localhost:3000/api-docs {"timestamp":"2024-05-01T04:08:13.950Z"}
info: Connected to the database. {"timestamp":"2024-05-01T04:08:13.974Z"}
info: Server started at http://localhost:3000/api-docs {"timestamp":"2024-05-01T04:10:43.192Z"}
info: Connected to the database. {"timestamp":"2024-05-01T04:10:43.215Z"}
info: Server started at http://localhost:3000/api-docs {"timestamp":"2024-05-01T04:10:56.698Z"}
info: Connected to the database. {"timestamp":"2024-05-01T04:10:56.723Z"}
info: Server started at http://localhost:3000/api-docs {"timestamp":"2024-05-01T04:11:07.419Z"}
info: Connected to the database. {"timestamp":"2024-05-01T04:11:07.443Z"}
info: Server started at http://localhost:3000/api-docs {"timestamp":"2024-05-01T04:11:17.992Z"}
info: Connected to the database. {"timestamp":"2024-05-01T04:11:18.011Z"}
info: Server started at http://localhost:3000/api-docs {"timestamp":"2024-05-01T04:11:22.764Z"}
info: Connected to the database. {"timestamp":"2024-05-01T04:11:22.786Z"}
info: Server started at http://localhost:3000/api-docs {"timestamp":"2024-05-01T04:12:13.622Z"}
info: Connected to the database. {"timestamp":"2024-05-01T04:12:13.638Z"}
info: Server started at http://localhost:3000/api-docs {"timestamp":"2024-05-01T04:12:23.583Z"}
info: Connected to the database. {"timestamp":"2024-05-01T04:12:23.602Z"}
info: Server started at http://localhost:3000/api-docs {"timestamp":"2024-05-01T04:13:14.226Z"}
info: Connected to the database. {"timestamp":"2024-05-01T04:13:14.250Z"}
info: Connected to the database. {"timestamp":"2024-05-01T04:14:07.017Z"}
info: Connected to the database. {"timestamp":"2024-05-01T04:14:23.062Z"}
info: Connected to the database. {"timestamp":"2024-05-01T04:14:33.894Z"}
info: Connected to the database. {"timestamp":"2024-05-01T04:14:46.065Z"}
info: Connected to the database. {"timestamp":"2024-05-01T04:14:52.139Z"}
info: Server started at http://localhost:3000/api-docs {"timestamp":"2024-05-01T04:14:58.100Z"}
info: Connected to the database. {"timestamp":"2024-05-01T04:14:58.123Z"}
info: Server started at http://localhost:3000/api-docs {"timestamp":"2024-05-01T04:23:10.375Z"}
info: Connected to the database. {"timestamp":"2024-05-01T04:23:10.395Z"}
info: Server started at http://localhost:3000/api-docs {"timestamp":"2024-05-01T04:26:12.323Z"}
info: Connected to the database. {"timestamp":"2024-05-01T04:26:12.344Z"}
info: Server started at http://localhost:3000/api-docs {"timestamp":"2024-05-01T04:29:06.230Z"}
info: Connected to the database. {"timestamp":"2024-05-01T04:29:06.251Z"}
info: Server started at http://localhost:3000/api-docs {"timestamp":"2024-05-01T04:35:05.902Z"}
info: Connected to the database. {"timestamp":"2024-05-01T04:35:05.928Z"}
info: Server started at http://localhost:3000/api-docs {"timestamp":"2024-05-01T04:41:39.024Z"}
info: Connected to the database. {"timestamp":"2024-05-01T04:41:39.042Z"}
info: Server started at http://localhost:3000/api-docs {"timestamp":"2024-05-01T04:41:43.631Z"}
info: Connected to the database. {"timestamp":"2024-05-01T04:41:43.654Z"}
info: Server started at http://localhost:3000/api-docs {"timestamp":"2024-05-01T04:42:16.643Z"}
info: Connected to the database. {"timestamp":"2024-05-01T04:42:16.664Z"}
info: Server started at http://localhost:3000/api-docs {"timestamp":"2024-05-01T04:42:45.176Z"}
info: Connected to the database. {"timestamp":"2024-05-01T04:42:45.198Z"}
info: Server started at http://localhost:3000/api-docs {"timestamp":"2024-05-01T04:44:00.673Z"}
info: Connected to the database. {"timestamp":"2024-05-01T04:44:00.697Z"}
error: 
    status - 500 
    message - Error: Email already exist
    at _callee$ (C:\Users\naval\OneDrive\Desktop\FUNDOO_NOTES\src\services\/user.service.js:11:11)
    at tryCatch (C:\Users\naval\OneDrive\Desktop\FUNDOO_NOTES\node_modules\@babel\runtime\helpers\regeneratorRuntime.js:45:16)
    at Generator.<anonymous> (C:\Users\naval\OneDrive\Desktop\FUNDOO_NOTES\node_modules\@babel\runtime\helpers\regeneratorRuntime.js:133:17)
    at Generator.next (C:\Users\naval\OneDrive\Desktop\FUNDOO_NOTES\node_modules\@babel\runtime\helpers\regeneratorRuntime.js:74:21)
    at asyncGeneratorStep (C:\Users\naval\OneDrive\Desktop\FUNDOO_NOTES\node_modules\@babel\runtime\helpers\asyncToGenerator.js:3:24)
    at _next (C:\Users\naval\OneDrive\Desktop\FUNDOO_NOTES\node_modules\@babel\runtime\helpers\asyncToGenerator.js:22:9)
    at processTicksAndRejections (node:internal/process/task_queues:95:5) 
    url - /api/users 
    method - POST 
    IP - ::1
   {"timestamp":"2024-05-01T04:44:41.976Z"}
info: Server started at http://localhost:3000/api-docs {"timestamp":"2024-05-01T04:45:32.814Z"}
info: Connected to the database. {"timestamp":"2024-05-01T04:45:32.841Z"}
info: Server started at http://localhost:3000/api-docs {"timestamp":"2024-05-01T04:48:25.335Z"}
info: Connected to the database. {"timestamp":"2024-05-01T04:48:25.354Z"}
info: Server started at http://localhost:3000/api-docs {"timestamp":"2024-05-01T04:48:46.956Z"}
info: Connected to the database. {"timestamp":"2024-05-01T04:48:46.979Z"}
info: Server started at http://localhost:3000/api-docs {"timestamp":"2024-05-01T04:49:05.362Z"}
info: Connected to the database. {"timestamp":"2024-05-01T04:49:05.396Z"}
info: Server started at http://localhost:3000/api-docs {"timestamp":"2024-05-01T05:17:26.820Z"}
info: Connected to the database. {"timestamp":"2024-05-01T05:17:26.848Z"}
info: Server started at http://localhost:3000/api-docs {"timestamp":"2024-05-01T05:17:32.695Z"}
info: Connected to the database. {"timestamp":"2024-05-01T05:17:32.720Z"}
info: Server started at http://localhost:3000/api-docs {"timestamp":"2024-05-01T05:17:37.228Z"}
info: Connected to the database. {"timestamp":"2024-05-01T05:17:37.252Z"}
info: Server started at http://localhost:3000/api-docs {"timestamp":"2024-05-01T05:17:52.970Z"}
info: Connected to the database. {"timestamp":"2024-05-01T05:17:52.997Z"}
info: Server started at http://localhost:3000/api-docs {"timestamp":"2024-05-01T05:18:03.859Z"}
info: Connected to the database. {"timestamp":"2024-05-01T05:18:03.883Z"}
info: Server started at http://localhost:3000/api-docs {"timestamp":"2024-05-01T05:19:59.420Z"}
info: Connected to the database. {"timestamp":"2024-05-01T05:19:59.438Z"}
info: Server started at http://localhost:3000/api-docs {"timestamp":"2024-05-01T05:20:11.227Z"}
info: Connected to the database. {"timestamp":"2024-05-01T05:20:11.246Z"}
info: Server started at http://localhost:3000/api-docs {"timestamp":"2024-05-01T05:20:21.305Z"}
info: Connected to the database. {"timestamp":"2024-05-01T05:20:21.328Z"}
info: Server started at http://localhost:3000/api-docs {"timestamp":"2024-05-01T05:20:37.631Z"}
info: Connected to the database. {"timestamp":"2024-05-01T05:20:37.651Z"}
info: Server started at http://localhost:3000/api-docs {"timestamp":"2024-05-01T05:21:18.820Z"}
info: Connected to the database. {"timestamp":"2024-05-01T05:21:18.843Z"}
info: Server started at http://localhost:3000/api-docs {"timestamp":"2024-05-01T05:21:23.368Z"}
info: Connected to the database. {"timestamp":"2024-05-01T05:21:23.392Z"}
info: Server started at http://localhost:3000/api-docs {"timestamp":"2024-05-01T05:21:35.894Z"}
info: Connected to the database. {"timestamp":"2024-05-01T05:21:35.950Z"}
info: Server started at http://localhost:3000/api-docs {"timestamp":"2024-05-01T05:21:39.939Z"}
info: Connected to the database. {"timestamp":"2024-05-01T05:21:39.956Z"}
info: Server started at http://localhost:3000/api-docs {"timestamp":"2024-05-01T05:22:04.418Z"}
info: Connected to the database. {"timestamp":"2024-05-01T05:22:04.436Z"}
info: Server started at http://localhost:3000/api-docs {"timestamp":"2024-05-01T05:25:29.181Z"}
info: Connected to the database. {"timestamp":"2024-05-01T05:25:29.198Z"}
info: Server started at http://localhost:3000/api-docs {"timestamp":"2024-05-01T07:50:11.151Z"}
info: Connected to the database. {"timestamp":"2024-05-01T07:50:11.190Z"}
info: Server started at http://localhost:3000/api-docs {"timestamp":"2024-05-01T07:52:43.668Z"}
info: Connected to the database. {"timestamp":"2024-05-01T07:52:43.700Z"}
info: Server started at http://localhost:3000/api-docs {"timestamp":"2024-05-01T07:52:52.930Z"}
info: Connected to the database. {"timestamp":"2024-05-01T07:52:52.952Z"}
info: Server started at http://localhost:3000/api-docs {"timestamp":"2024-05-01T07:53:08.611Z"}
info: Connected to the database. {"timestamp":"2024-05-01T07:53:08.633Z"}
info: Server started at http://localhost:3000/api-docs {"timestamp":"2024-05-01T07:53:19.206Z"}
info: Connected to the database. {"timestamp":"2024-05-01T07:53:19.230Z"}
info: Server started at http://localhost:3000/api-docs {"timestamp":"2024-05-01T07:53:27.462Z"}
info: Connected to the database. {"timestamp":"2024-05-01T07:53:27.488Z"}
info: Server started at http://localhost:3000/api-docs {"timestamp":"2024-05-01T07:53:36.505Z"}
info: Connected to the database. {"timestamp":"2024-05-01T07:53:36.568Z"}
info: Server started at http://localhost:3000/api-docs {"timestamp":"2024-05-01T07:54:16.671Z"}
info: Connected to the database. {"timestamp":"2024-05-01T07:54:16.696Z"}
info: Server started at http://localhost:3000/api-docs {"timestamp":"2024-05-01T07:54:22.552Z"}
info: Connected to the database. {"timestamp":"2024-05-01T07:54:22.576Z"}
info: Server started at http://localhost:3000/api-docs {"timestamp":"2024-05-01T07:54:34.430Z"}
info: Connected to the database. {"timestamp":"2024-05-01T07:54:34.457Z"}
info: Server started at http://localhost:3000/api-docs {"timestamp":"2024-05-01T07:55:39.024Z"}
info: Connected to the database. {"timestamp":"2024-05-01T07:55:39.047Z"}
info: Server started at http://localhost:3000/api-docs {"timestamp":"2024-05-01T07:55:44.883Z"}
info: Connected to the database. {"timestamp":"2024-05-01T07:55:44.906Z"}
info: Server started at http://localhost:3000/api-docs {"timestamp":"2024-05-01T07:55:56.074Z"}
info: Connected to the database. {"timestamp":"2024-05-01T07:55:56.106Z"}
info: Server started at http://localhost:3000/api-docs {"timestamp":"2024-05-01T07:56:04.741Z"}
info: Connected to the database. {"timestamp":"2024-05-01T07:56:04.766Z"}
info: Server started at http://localhost:3000/api-docs {"timestamp":"2024-05-01T07:56:14.609Z"}
info: Connected to the database. {"timestamp":"2024-05-01T07:56:14.640Z"}
info: Server started at http://localhost:3000/api-docs {"timestamp":"2024-05-01T07:56:23.046Z"}
info: Connected to the database. {"timestamp":"2024-05-01T07:56:23.071Z"}
info: Server started at http://localhost:3000/api-docs {"timestamp":"2024-05-01T07:56:41.561Z"}
info: Connected to the database. {"timestamp":"2024-05-01T07:56:41.586Z"}
info: Server started at http://localhost:3000/api-docs {"timestamp":"2024-05-01T07:56:53.005Z"}
info: Connected to the database. {"timestamp":"2024-05-01T07:56:53.032Z"}
info: Server started at http://localhost:3000/api-docs {"timestamp":"2024-05-01T07:57:09.798Z"}
info: Connected to the database. {"timestamp":"2024-05-01T07:57:09.860Z"}
info: Server started at http://localhost:3000/api-docs {"timestamp":"2024-05-01T07:57:15.478Z"}
info: Connected to the database. {"timestamp":"2024-05-01T07:57:15.508Z"}
info: Server started at http://localhost:3000/api-docs {"timestamp":"2024-05-01T07:57:22.321Z"}
info: Connected to the database. {"timestamp":"2024-05-01T07:57:22.341Z"}
info: Server started at http://localhost:3000/api-docs {"timestamp":"2024-05-01T07:58:39.173Z"}
info: Connected to the database. {"timestamp":"2024-05-01T07:58:39.198Z"}
info: Server started at http://localhost:3000/api-docs {"timestamp":"2024-05-01T07:58:48.642Z"}
info: Connected to the database. {"timestamp":"2024-05-01T07:58:48.667Z"}
info: Server started at http://localhost:3000/api-docs {"timestamp":"2024-05-01T07:59:13.874Z"}
info: Connected to the database. {"timestamp":"2024-05-01T07:59:13.898Z"}
info: Server started at http://localhost:3000/api-docs {"timestamp":"2024-05-01T07:59:19.599Z"}
info: Connected to the database. {"timestamp":"2024-05-01T07:59:19.619Z"}
