info: Server started at http://localhost:3000/api/v1/ {"timestamp":"2024-04-18T03:04:31.578Z"}
info: Connected to the database. {"timestamp":"2024-04-18T03:04:33.930Z"}
info: Server started at http://localhost:3000/api/v1/ {"timestamp":"2024-04-18T03:09:55.081Z"}
info: Connected to the database. {"timestamp":"2024-04-18T03:09:57.384Z"}
info: Server started at http://localhost:3000/api/v1/ {"timestamp":"2024-04-18T03:37:47.589Z"}
info: Connected to the database. {"timestamp":"2024-04-18T03:37:49.878Z"}
info: Server started at http://localhost:3000/api/v1/ {"timestamp":"2024-04-18T04:12:17.454Z"}
info: Connected to the database. {"timestamp":"2024-04-18T04:12:20.225Z"}
info: Server started at http://localhost:3000/api/v1/ {"timestamp":"2024-04-18T04:15:40.381Z"}
info: Connected to the database. {"timestamp":"2024-04-18T04:15:43.393Z"}
info: Server started at http://localhost:3000/api/v1/ {"timestamp":"2024-04-18T06:06:25.020Z"}
error: Could not connect to the database. connect ECONNREFUSED 127.0.0.1:27017 {"reason":{"commonWireVersion":null,"compatibilityError":null,"compatible":true,"heartbeatFrequencyMS":10000,"localThresholdMS":15,"logicalSessionTimeoutMinutes":null,"maxElectionId":null,"maxSetVersion":null,"servers":{},"setName":null,"stale":false,"type":"Single"},"stack":"MongooseServerSelectionError: connect ECONNREFUSED 127.0.0.1:27017\n    at NativeConnection.Connection.openUri (C:\\Users\\naval\\OneDrive\\Desktop\\node_backend\\awesome-project\\node_modules\\mongoose\\lib\\connection.js:847:32)\n    at C:\\Users\\naval\\OneDrive\\Desktop\\node_backend\\awesome-project\\node_modules\\mongoose\\lib\\index.js:351:10\n    at C:\\Users\\naval\\OneDrive\\Desktop\\node_backend\\awesome-project\\node_modules\\mongoose\\lib\\helpers\\promiseOrCallback.js:32:5\n    at new Promise (<anonymous>)\n    at promiseOrCallback (C:\\Users\\naval\\OneDrive\\Desktop\\node_backend\\awesome-project\\node_modules\\mongoose\\lib\\helpers\\promiseOrCallback.js:31:10)\n    at Mongoose._promiseOrCallback (C:\\Users\\naval\\OneDrive\\Desktop\\node_backend\\awesome-project\\node_modules\\mongoose\\lib\\index.js:1149:10)\n    at Mongoose.connect (C:\\Users\\naval\\OneDrive\\Desktop\\node_backend\\awesome-project\\node_modules\\mongoose\\lib\\index.js:350:20)\n    at _callee$ (C:\\Users\\naval\\OneDrive\\Desktop\\node_backend\\awesome-project\\src\\config\\/database.js:12:20)\n    at tryCatch (C:\\Users\\naval\\OneDrive\\Desktop\\node_backend\\awesome-project\\node_modules\\@babel\\runtime\\helpers\\regeneratorRuntime.js:45:16)\n    at Generator.<anonymous> (C:\\Users\\naval\\OneDrive\\Desktop\\node_backend\\awesome-project\\node_modules\\@babel\\runtime\\helpers\\regeneratorRuntime.js:133:17)\n    at Generator.next (C:\\Users\\naval\\OneDrive\\Desktop\\node_backend\\awesome-project\\node_modules\\@babel\\runtime\\helpers\\regeneratorRuntime.js:74:21)\n    at asyncGeneratorStep (C:\\Users\\naval\\OneDrive\\Desktop\\node_backend\\awesome-project\\node_modules\\@babel\\runtime\\helpers\\asyncToGenerator.js:3:24)\n    at _next (C:\\Users\\naval\\OneDrive\\Desktop\\node_backend\\awesome-project\\node_modules\\@babel\\runtime\\helpers\\asyncToGenerator.js:22:9)\n    at C:\\Users\\naval\\OneDrive\\Desktop\\node_backend\\awesome-project\\node_modules\\@babel\\runtime\\helpers\\asyncToGenerator.js:27:7\n    at new Promise (<anonymous>)\n    at apply (C:\\Users\\naval\\OneDrive\\Desktop\\node_backend\\awesome-project\\node_modules\\@babel\\runtime\\helpers\\asyncToGenerator.js:19:12)\n    at database (C:\\Users\\naval\\OneDrive\\Desktop\\node_backend\\awesome-project\\src\\config\\/database.js:4:15)\n    at Object.<anonymous> (C:\\Users\\naval\\OneDrive\\Desktop\\node_backend\\awesome-project\\src\\/index.js:30:9)\n    at Module._compile (node:internal/modules/cjs/loader:1368:14)\n    at Module._compile (C:\\Users\\naval\\OneDrive\\Desktop\\node_backend\\awesome-project\\node_modules\\pirates\\lib\\index.js:117:24)\n    at Module._extensions..js (node:internal/modules/cjs/loader:1426:10)\n    at Object.newLoader [as .js] (C:\\Users\\naval\\OneDrive\\Desktop\\node_backend\\awesome-project\\node_modules\\pirates\\lib\\index.js:121:7)\n    at Module.load (node:internal/modules/cjs/loader:1205:32)\n    at Function.Module._load (node:internal/modules/cjs/loader:1021:12)\n    at Function.runMain (node:internal/modules/run_main:142:12)\n    at Object.<anonymous> (C:\\Users\\naval\\OneDrive\\Desktop\\node_backend\\awesome-project\\node_modules\\@babel\\node\\src\\_babel-node.ts:222:12)\n    at Module._compile (node:internal/modules/cjs/loader:1368:14)\n    at Object.Module._extensions..js (node:internal/modules/cjs/loader:1426:10)\n    at Module.load (node:internal/modules/cjs/loader:1205:32)\n    at Function.Module._load (node:internal/modules/cjs/loader:1021:12)\n    at Function.executeUserEntryPoint [as runMain] (node:internal/modules/run_main:142:12)\n    at node:internal/main/run_main_module:28:49","timestamp":"2024-04-18T06:06:55.023Z"}
info: Server started at http://localhost:3000/api/v1/ {"timestamp":"2024-04-18T06:08:27.434Z"}
error: Could not connect to the database. connect ECONNREFUSED 127.0.0.1:27017 {"reason":{"commonWireVersion":null,"compatibilityError":null,"compatible":true,"heartbeatFrequencyMS":10000,"localThresholdMS":15,"logicalSessionTimeoutMinutes":null,"maxElectionId":null,"maxSetVersion":null,"servers":{},"setName":null,"stale":false,"type":"Single"},"stack":"MongooseServerSelectionError: connect ECONNREFUSED 127.0.0.1:27017\n    at NativeConnection.Connection.openUri (C:\\Users\\naval\\OneDrive\\Desktop\\node_backend\\awesome-project\\node_modules\\mongoose\\lib\\connection.js:847:32)\n    at C:\\Users\\naval\\OneDrive\\Desktop\\node_backend\\awesome-project\\node_modules\\mongoose\\lib\\index.js:351:10\n    at C:\\Users\\naval\\OneDrive\\Desktop\\node_backend\\awesome-project\\node_modules\\mongoose\\lib\\helpers\\promiseOrCallback.js:32:5\n    at new Promise (<anonymous>)\n    at promiseOrCallback (C:\\Users\\naval\\OneDrive\\Desktop\\node_backend\\awesome-project\\node_modules\\mongoose\\lib\\helpers\\promiseOrCallback.js:31:10)\n    at Mongoose._promiseOrCallback (C:\\Users\\naval\\OneDrive\\Desktop\\node_backend\\awesome-project\\node_modules\\mongoose\\lib\\index.js:1149:10)\n    at Mongoose.connect (C:\\Users\\naval\\OneDrive\\Desktop\\node_backend\\awesome-project\\node_modules\\mongoose\\lib\\index.js:350:20)\n    at _callee$ (C:\\Users\\naval\\OneDrive\\Desktop\\node_backend\\awesome-project\\src\\config\\/database.js:12:20)\n    at tryCatch (C:\\Users\\naval\\OneDrive\\Desktop\\node_backend\\awesome-project\\node_modules\\@babel\\runtime\\helpers\\regeneratorRuntime.js:45:16)\n    at Generator.<anonymous> (C:\\Users\\naval\\OneDrive\\Desktop\\node_backend\\awesome-project\\node_modules\\@babel\\runtime\\helpers\\regeneratorRuntime.js:133:17)\n    at Generator.next (C:\\Users\\naval\\OneDrive\\Desktop\\node_backend\\awesome-project\\node_modules\\@babel\\runtime\\helpers\\regeneratorRuntime.js:74:21)\n    at asyncGeneratorStep (C:\\Users\\naval\\OneDrive\\Desktop\\node_backend\\awesome-project\\node_modules\\@babel\\runtime\\helpers\\asyncToGenerator.js:3:24)\n    at _next (C:\\Users\\naval\\OneDrive\\Desktop\\node_backend\\awesome-project\\node_modules\\@babel\\runtime\\helpers\\asyncToGenerator.js:22:9)\n    at C:\\Users\\naval\\OneDrive\\Desktop\\node_backend\\awesome-project\\node_modules\\@babel\\runtime\\helpers\\asyncToGenerator.js:27:7\n    at new Promise (<anonymous>)\n    at apply (C:\\Users\\naval\\OneDrive\\Desktop\\node_backend\\awesome-project\\node_modules\\@babel\\runtime\\helpers\\asyncToGenerator.js:19:12)\n    at database (C:\\Users\\naval\\OneDrive\\Desktop\\node_backend\\awesome-project\\src\\config\\/database.js:4:15)\n    at Object.<anonymous> (C:\\Users\\naval\\OneDrive\\Desktop\\node_backend\\awesome-project\\src\\/index.js:30:9)\n    at Module._compile (node:internal/modules/cjs/loader:1368:14)\n    at Module._compile (C:\\Users\\naval\\OneDrive\\Desktop\\node_backend\\awesome-project\\node_modules\\pirates\\lib\\index.js:117:24)\n    at Module._extensions..js (node:internal/modules/cjs/loader:1426:10)\n    at Object.newLoader [as .js] (C:\\Users\\naval\\OneDrive\\Desktop\\node_backend\\awesome-project\\node_modules\\pirates\\lib\\index.js:121:7)\n    at Module.load (node:internal/modules/cjs/loader:1205:32)\n    at Function.Module._load (node:internal/modules/cjs/loader:1021:12)\n    at Function.runMain (node:internal/modules/run_main:142:12)\n    at Object.<anonymous> (C:\\Users\\naval\\OneDrive\\Desktop\\node_backend\\awesome-project\\node_modules\\@babel\\node\\src\\_babel-node.ts:222:12)\n    at Module._compile (node:internal/modules/cjs/loader:1368:14)\n    at Object.Module._extensions..js (node:internal/modules/cjs/loader:1426:10)\n    at Module.load (node:internal/modules/cjs/loader:1205:32)\n    at Function.Module._load (node:internal/modules/cjs/loader:1021:12)\n    at Function.executeUserEntryPoint [as runMain] (node:internal/modules/run_main:142:12)\n    at node:internal/main/run_main_module:28:49","timestamp":"2024-04-18T06:08:57.449Z"}
info: Server started at http://localhost:3000/api/v1/ {"timestamp":"2024-04-18T06:10:03.812Z"}
info: Server started at http://localhost:3000/api {"timestamp":"2024-04-18T06:10:15.091Z"}
error: Could not connect to the database. connect ECONNREFUSED 127.0.0.1:27017 {"reason":{"commonWireVersion":null,"compatibilityError":null,"compatible":true,"heartbeatFrequencyMS":10000,"localThresholdMS":15,"logicalSessionTimeoutMinutes":null,"maxElectionId":null,"maxSetVersion":null,"servers":{},"setName":null,"stale":false,"type":"Single"},"stack":"MongooseServerSelectionError: connect ECONNREFUSED 127.0.0.1:27017\n    at NativeConnection.Connection.openUri (C:\\Users\\naval\\OneDrive\\Desktop\\node_backend\\awesome-project\\node_modules\\mongoose\\lib\\connection.js:847:32)\n    at C:\\Users\\naval\\OneDrive\\Desktop\\node_backend\\awesome-project\\node_modules\\mongoose\\lib\\index.js:351:10\n    at C:\\Users\\naval\\OneDrive\\Desktop\\node_backend\\awesome-project\\node_modules\\mongoose\\lib\\helpers\\promiseOrCallback.js:32:5\n    at new Promise (<anonymous>)\n    at promiseOrCallback (C:\\Users\\naval\\OneDrive\\Desktop\\node_backend\\awesome-project\\node_modules\\mongoose\\lib\\helpers\\promiseOrCallback.js:31:10)\n    at Mongoose._promiseOrCallback (C:\\Users\\naval\\OneDrive\\Desktop\\node_backend\\awesome-project\\node_modules\\mongoose\\lib\\index.js:1149:10)\n    at Mongoose.connect (C:\\Users\\naval\\OneDrive\\Desktop\\node_backend\\awesome-project\\node_modules\\mongoose\\lib\\index.js:350:20)\n    at _callee$ (C:\\Users\\naval\\OneDrive\\Desktop\\node_backend\\awesome-project\\src\\config\\/database.js:12:20)\n    at tryCatch (C:\\Users\\naval\\OneDrive\\Desktop\\node_backend\\awesome-project\\node_modules\\@babel\\runtime\\helpers\\regeneratorRuntime.js:45:16)\n    at Generator.<anonymous> (C:\\Users\\naval\\OneDrive\\Desktop\\node_backend\\awesome-project\\node_modules\\@babel\\runtime\\helpers\\regeneratorRuntime.js:133:17)\n    at Generator.next (C:\\Users\\naval\\OneDrive\\Desktop\\node_backend\\awesome-project\\node_modules\\@babel\\runtime\\helpers\\regeneratorRuntime.js:74:21)\n    at asyncGeneratorStep (C:\\Users\\naval\\OneDrive\\Desktop\\node_backend\\awesome-project\\node_modules\\@babel\\runtime\\helpers\\asyncToGenerator.js:3:24)\n    at _next (C:\\Users\\naval\\OneDrive\\Desktop\\node_backend\\awesome-project\\node_modules\\@babel\\runtime\\helpers\\asyncToGenerator.js:22:9)\n    at C:\\Users\\naval\\OneDrive\\Desktop\\node_backend\\awesome-project\\node_modules\\@babel\\runtime\\helpers\\asyncToGenerator.js:27:7\n    at new Promise (<anonymous>)\n    at apply (C:\\Users\\naval\\OneDrive\\Desktop\\node_backend\\awesome-project\\node_modules\\@babel\\runtime\\helpers\\asyncToGenerator.js:19:12)\n    at database (C:\\Users\\naval\\OneDrive\\Desktop\\node_backend\\awesome-project\\src\\config\\/database.js:4:15)\n    at Object.<anonymous> (C:\\Users\\naval\\OneDrive\\Desktop\\node_backend\\awesome-project\\src\\/index.js:30:9)\n    at Module._compile (node:internal/modules/cjs/loader:1368:14)\n    at Module._compile (C:\\Users\\naval\\OneDrive\\Desktop\\node_backend\\awesome-project\\node_modules\\pirates\\lib\\index.js:117:24)\n    at Module._extensions..js (node:internal/modules/cjs/loader:1426:10)\n    at Object.newLoader [as .js] (C:\\Users\\naval\\OneDrive\\Desktop\\node_backend\\awesome-project\\node_modules\\pirates\\lib\\index.js:121:7)\n    at Module.load (node:internal/modules/cjs/loader:1205:32)\n    at Function.Module._load (node:internal/modules/cjs/loader:1021:12)\n    at Function.runMain (node:internal/modules/run_main:142:12)\n    at Object.<anonymous> (C:\\Users\\naval\\OneDrive\\Desktop\\node_backend\\awesome-project\\node_modules\\@babel\\node\\src\\_babel-node.ts:222:12)\n    at Module._compile (node:internal/modules/cjs/loader:1368:14)\n    at Object.Module._extensions..js (node:internal/modules/cjs/loader:1426:10)\n    at Module.load (node:internal/modules/cjs/loader:1205:32)\n    at Function.Module._load (node:internal/modules/cjs/loader:1021:12)\n    at Function.executeUserEntryPoint [as runMain] (node:internal/modules/run_main:142:12)\n    at node:internal/main/run_main_module:28:49","timestamp":"2024-04-18T06:10:45.125Z"}
info: Server started at http://localhost:3000/api {"timestamp":"2024-04-18T06:11:32.242Z"}
error: Could not connect to the database. {"reason":{"commonWireVersion":null,"compatibilityError":null,"compatible":true,"heartbeatFrequencyMS":10000,"localThresholdMS":15,"logicalSessionTimeoutMinutes":null,"maxElectionId":null,"maxSetVersion":null,"servers":{},"setName":null,"stale":false,"type":"Single"},"stack":"MongooseServerSelectionError: \n    at NativeConnection.Connection.openUri (C:\\Users\\naval\\OneDrive\\Desktop\\node_backend\\awesome-project\\node_modules\\mongoose\\lib\\connection.js:847:32)\n    at C:\\Users\\naval\\OneDrive\\Desktop\\node_backend\\awesome-project\\node_modules\\mongoose\\lib\\index.js:351:10\n    at C:\\Users\\naval\\OneDrive\\Desktop\\node_backend\\awesome-project\\node_modules\\mongoose\\lib\\helpers\\promiseOrCallback.js:32:5\n    at new Promise (<anonymous>)\n    at promiseOrCallback (C:\\Users\\naval\\OneDrive\\Desktop\\node_backend\\awesome-project\\node_modules\\mongoose\\lib\\helpers\\promiseOrCallback.js:31:10)\n    at Mongoose._promiseOrCallback (C:\\Users\\naval\\OneDrive\\Desktop\\node_backend\\awesome-project\\node_modules\\mongoose\\lib\\index.js:1149:10)\n    at Mongoose.connect (C:\\Users\\naval\\OneDrive\\Desktop\\node_backend\\awesome-project\\node_modules\\mongoose\\lib\\index.js:350:20)\n    at _callee$ (C:\\Users\\naval\\OneDrive\\Desktop\\node_backend\\awesome-project\\src\\config\\/database.js:12:20)\n    at tryCatch (C:\\Users\\naval\\OneDrive\\Desktop\\node_backend\\awesome-project\\node_modules\\@babel\\runtime\\helpers\\regeneratorRuntime.js:45:16)\n    at Generator.<anonymous> (C:\\Users\\naval\\OneDrive\\Desktop\\node_backend\\awesome-project\\node_modules\\@babel\\runtime\\helpers\\regeneratorRuntime.js:133:17)\n    at Generator.next (C:\\Users\\naval\\OneDrive\\Desktop\\node_backend\\awesome-project\\node_modules\\@babel\\runtime\\helpers\\regeneratorRuntime.js:74:21)\n    at asyncGeneratorStep (C:\\Users\\naval\\OneDrive\\Desktop\\node_backend\\awesome-project\\node_modules\\@babel\\runtime\\helpers\\asyncToGenerator.js:3:24)\n    at _next (C:\\Users\\naval\\OneDrive\\Desktop\\node_backend\\awesome-project\\node_modules\\@babel\\runtime\\helpers\\asyncToGenerator.js:22:9)\n    at C:\\Users\\naval\\OneDrive\\Desktop\\node_backend\\awesome-project\\node_modules\\@babel\\runtime\\helpers\\asyncToGenerator.js:27:7\n    at new Promise (<anonymous>)\n    at apply (C:\\Users\\naval\\OneDrive\\Desktop\\node_backend\\awesome-project\\node_modules\\@babel\\runtime\\helpers\\asyncToGenerator.js:19:12)\n    at database (C:\\Users\\naval\\OneDrive\\Desktop\\node_backend\\awesome-project\\src\\config\\/database.js:4:15)\n    at Object.<anonymous> (C:\\Users\\naval\\OneDrive\\Desktop\\node_backend\\awesome-project\\src\\/index.js:30:9)\n    at Module._compile (node:internal/modules/cjs/loader:1368:14)\n    at Module._compile (C:\\Users\\naval\\OneDrive\\Desktop\\node_backend\\awesome-project\\node_modules\\pirates\\lib\\index.js:117:24)\n    at Module._extensions..js (node:internal/modules/cjs/loader:1426:10)\n    at Object.newLoader [as .js] (C:\\Users\\naval\\OneDrive\\Desktop\\node_backend\\awesome-project\\node_modules\\pirates\\lib\\index.js:121:7)\n    at Module.load (node:internal/modules/cjs/loader:1205:32)\n    at Function.Module._load (node:internal/modules/cjs/loader:1021:12)\n    at Function.runMain (node:internal/modules/run_main:142:12)\n    at Object.<anonymous> (C:\\Users\\naval\\OneDrive\\Desktop\\node_backend\\awesome-project\\node_modules\\@babel\\node\\src\\_babel-node.ts:222:12)\n    at Module._compile (node:internal/modules/cjs/loader:1368:14)\n    at Object.Module._extensions..js (node:internal/modules/cjs/loader:1426:10)\n    at Module.load (node:internal/modules/cjs/loader:1205:32)\n    at Function.Module._load (node:internal/modules/cjs/loader:1021:12)\n    at Function.executeUserEntryPoint [as runMain] (node:internal/modules/run_main:142:12)\n    at node:internal/main/run_main_module:28:49","timestamp":"2024-04-18T06:12:02.243Z"}
info: Server started at http://localhost:3000/api {"timestamp":"2024-04-18T06:13:29.247Z"}
info: Connected to the database. {"timestamp":"2024-04-18T06:13:31.518Z"}
info: Server started at http://localhost:3000/api {"timestamp":"2024-04-18T06:27:48.274Z"}
info: Connected to the database. {"timestamp":"2024-04-18T06:27:48.311Z"}
info: Server started at http://localhost:3000/api {"timestamp":"2024-04-18T07:40:06.515Z"}
info: Connected to the database. {"timestamp":"2024-04-18T07:40:06.548Z"}
info: Server started at http://localhost:3000/api {"timestamp":"2024-04-18T07:42:32.452Z"}
info: Connected to the database. {"timestamp":"2024-04-18T07:42:32.476Z"}
error: 
    status - 500 
    message - ValidationError: "name" is required 
    url - /api/users 
    method - POST 
    IP - ::1
   {"timestamp":"2024-04-18T07:42:42.789Z"}
error: 
    status - 500 
    message - SyntaxError: Expected ',' or '}' after property value in JSON at position 22 (line 3 column 3)
    at JSON.parse (<anonymous>)
    at parse (C:\Users\naval\OneDrive\Desktop\node_backend\awesome-project\node_modules\body-parser\lib\types\json.js:92:19)
    at C:\Users\naval\OneDrive\Desktop\node_backend\awesome-project\node_modules\body-parser\lib\read.js:128:18
    at AsyncResource.runInAsyncScope (node:async_hooks:206:9)
    at invokeCallback (C:\Users\naval\OneDrive\Desktop\node_backend\awesome-project\node_modules\raw-body\index.js:238:16)
    at done (C:\Users\naval\OneDrive\Desktop\node_backend\awesome-project\node_modules\raw-body\index.js:227:7)
    at IncomingMessage.onEnd (C:\Users\naval\OneDrive\Desktop\node_backend\awesome-project\node_modules\raw-body\index.js:287:7)
    at IncomingMessage.emit (node:events:519:28)
    at IncomingMessage.emit (node:domain:488:12)
    at endReadableNT (node:internal/streams/readable:1696:12)
    at processTicksAndRejections (node:internal/process/task_queues:82:21) 
    url - /api/users 
    method - POST 
    IP - ::ffff:127.0.0.1
   {"timestamp":"2024-04-18T07:50:07.187Z"}
error: 
    status - 500 
    message - ValidationError: "age" is not allowed 
    url - /api/users 
    method - POST 
    IP - ::ffff:127.0.0.1
   {"timestamp":"2024-04-18T07:50:13.148Z"}
info: Server started at http://localhost:3000/api {"timestamp":"2024-04-18T07:54:08.455Z"}
info: Connected to the database. {"timestamp":"2024-04-18T07:54:08.489Z"}
error: 
    status - 500 
    message - ValidationError: "age" is not allowed 
    url - /api/users 
    method - POST 
    IP - ::1
   {"timestamp":"2024-04-18T07:54:53.391Z"}
info: Server started at http://localhost:3000/api {"timestamp":"2024-04-18T07:55:34.116Z"}
info: Connected to the database. {"timestamp":"2024-04-18T07:55:34.143Z"}
error: 
    status - 500 
    message - ValidationError: "age" is not allowed 
    url - /api/users 
    method - POST 
    IP - ::1
   {"timestamp":"2024-04-18T07:55:48.767Z"}
error: 
    status - 500 
    message - ValidationError: "age" is not allowed 
    url - /api/users 
    method - POST 
    IP - ::1
   {"timestamp":"2024-04-18T07:57:14.922Z"}
error: 
    status - 500 
    message - ValidationError: "age" is not allowed 
    url - /api/users 
    method - POST 
    IP - ::1
   {"timestamp":"2024-04-18T07:57:21.150Z"}
info: Server started at http://localhost:3000/api {"timestamp":"2024-04-18T08:02:15.496Z"}
info: Connected to the database. {"timestamp":"2024-04-18T08:02:15.524Z"}
info: Server started at http://localhost:3000/api {"timestamp":"2024-04-18T08:06:17.920Z"}
info: Connected to the database. {"timestamp":"2024-04-18T08:06:17.949Z"}
info: Server started at http://localhost:3000/api {"timestamp":"2024-04-18T08:14:19.784Z"}
info: Connected to the database. {"timestamp":"2024-04-18T08:14:19.814Z"}
info: Server started at http://localhost:3000/api {"timestamp":"2024-04-18T08:15:47.310Z"}
info: Connected to the database. {"timestamp":"2024-04-18T08:15:47.341Z"}
info: Server started at http://localhost:3000/api {"timestamp":"2024-04-18T08:16:20.970Z"}
info: Connected to the database. {"timestamp":"2024-04-18T08:16:20.999Z"}
info: Server started at http://localhost:3000/api {"timestamp":"2024-04-18T08:20:29.746Z"}
info: Connected to the database. {"timestamp":"2024-04-18T08:20:29.766Z"}
