info: Server started at http://localhost:3000/api-docs {"timestamp":"2024-05-06T14:14:01.402Z"}
info: Server started at http://localhost:3000/api-docs {"timestamp":"2024-05-06T14:15:39.184Z"}
info: Server started at http://localhost:3000/api-docs {"timestamp":"2024-05-06T14:16:39.478Z"}
error: 
      status - 400
      message - Authorization token is required 
      url - /api/users/reset 
      method - PUT 
      IP - ::ffff:127.0.0.1
     {"timestamp":"2024-05-06T14:16:39.586Z"}
info: Server started at http://localhost:3000/api-docs {"timestamp":"2024-05-06T14:23:06.023Z"}
info: Server started at http://localhost:3000/api-docs {"timestamp":"2024-05-06T14:24:10.481Z"}
error: 
      status - 400
      message - Authorization token is required 
      url - /api/users/reset 
      method - PUT 
      IP - ::ffff:127.0.0.1
     {"timestamp":"2024-05-06T14:24:10.567Z"}
info: Server started at http://localhost:3000/api-docs {"timestamp":"2024-05-06T14:37:22.339Z"}
info: Server started at http://localhost:3000/api-docs {"timestamp":"2024-05-06T14:38:04.089Z"}
info: Server started at http://localhost:3000/api-docs {"timestamp":"2024-05-06T14:38:44.576Z"}
error: 
    status - 500 
    message - JsonWebTokenError: jwt malformed
    at Object.verify (C:\Users\naval\OneDrive\Desktop\FUNDOO_NOTES\node_modules\jsonwebtoken\verify.js:63:17)
    at _callee2$ (C:\Users\naval\OneDrive\Desktop\FUNDOO_NOTES\src\middlewares\/auth.middleware.js:41:29)
    at tryCatch (C:\Users\naval\OneDrive\Desktop\FUNDOO_NOTES\node_modules\@babel\runtime\helpers\regeneratorRuntime.js:45:16)
    at Generator.<anonymous> (C:\Users\naval\OneDrive\Desktop\FUNDOO_NOTES\node_modules\@babel\runtime\helpers\regeneratorRuntime.js:133:17)
    at Generator.next (C:\Users\naval\OneDrive\Desktop\FUNDOO_NOTES\node_modules\@babel\runtime\helpers\regeneratorRuntime.js:74:21)
    at asyncGeneratorStep (C:\Users\naval\OneDrive\Desktop\FUNDOO_NOTES\node_modules\@babel\runtime\helpers\asyncToGenerator.js:3:24)
    at _next (C:\Users\naval\OneDrive\Desktop\FUNDOO_NOTES\node_modules\@babel\runtime\helpers\asyncToGenerator.js:22:9)
    at C:\Users\naval\OneDrive\Desktop\FUNDOO_NOTES\node_modules\@babel\runtime\helpers\asyncToGenerator.js:27:7
    at new Promise (<anonymous>)
    at apply (C:\Users\naval\OneDrive\Desktop\FUNDOO_NOTES\node_modules\@babel\runtime\helpers\asyncToGenerator.js:19:12)
    at resetAuth (C:\Users\naval\OneDrive\Desktop\FUNDOO_NOTES\src\middlewares\/auth.middleware.js:31:23)
    at Layer.handle [as handle_request] (C:\Users\naval\OneDrive\Desktop\FUNDOO_NOTES\node_modules\express\lib\router\layer.js:95:5)
    at next (C:\Users\naval\OneDrive\Desktop\FUNDOO_NOTES\node_modules\express\lib\router\route.js:149:13)
    at resetPasswordValidator (C:\Users\naval\OneDrive\Desktop\FUNDOO_NOTES\src\validators\/user.validator.js:42:5)
    at Layer.handle [as handle_request] (C:\Users\naval\OneDrive\Desktop\FUNDOO_NOTES\node_modules\express\lib\router\layer.js:95:5)
    at next (C:\Users\naval\OneDrive\Desktop\FUNDOO_NOTES\node_modules\express\lib\router\route.js:149:13)
    at Route.dispatch (C:\Users\naval\OneDrive\Desktop\FUNDOO_NOTES\node_modules\express\lib\router\route.js:119:3)
    at Layer.handle [as handle_request] (C:\Users\naval\OneDrive\Desktop\FUNDOO_NOTES\node_modules\express\lib\router\layer.js:95:5)
    at C:\Users\naval\OneDrive\Desktop\FUNDOO_NOTES\node_modules\express\lib\router\index.js:284:15
    at Function.process_params (C:\Users\naval\OneDrive\Desktop\FUNDOO_NOTES\node_modules\express\lib\router\index.js:346:12)
    at next (C:\Users\naval\OneDrive\Desktop\FUNDOO_NOTES\node_modules\express\lib\router\index.js:280:10)
    at Function.handle (C:\Users\naval\OneDrive\Desktop\FUNDOO_NOTES\node_modules\express\lib\router\index.js:175:3)
    at router (C:\Users\naval\OneDrive\Desktop\FUNDOO_NOTES\node_modules\express\lib\router\index.js:47:12)
    at Layer.handle [as handle_request] (C:\Users\naval\OneDrive\Desktop\FUNDOO_NOTES\node_modules\express\lib\router\layer.js:95:5)
    at trim_prefix (C:\Users\naval\OneDrive\Desktop\FUNDOO_NOTES\node_modules\express\lib\router\index.js:328:13)
    at C:\Users\naval\OneDrive\Desktop\FUNDOO_NOTES\node_modules\express\lib\router\index.js:286:9
    at Function.process_params (C:\Users\naval\OneDrive\Desktop\FUNDOO_NOTES\node_modules\express\lib\router\index.js:346:12)
    at next (C:\Users\naval\OneDrive\Desktop\FUNDOO_NOTES\node_modules\express\lib\router\index.js:280:10)
    at Function.handle (C:\Users\naval\OneDrive\Desktop\FUNDOO_NOTES\node_modules\express\lib\router\index.js:175:3)
    at router (C:\Users\naval\OneDrive\Desktop\FUNDOO_NOTES\node_modules\express\lib\router\index.js:47:12)
    at Layer.handle [as handle_request] (C:\Users\naval\OneDrive\Desktop\FUNDOO_NOTES\node_modules\express\lib\router\layer.js:95:5)
    at trim_prefix (C:\Users\naval\OneDrive\Desktop\FUNDOO_NOTES\node_modules\express\lib\router\index.js:328:13)
    at C:\Users\naval\OneDrive\Desktop\FUNDOO_NOTES\node_modules\express\lib\router\index.js:286:9
    at Function.process_params (C:\Users\naval\OneDrive\Desktop\FUNDOO_NOTES\node_modules\express\lib\router\index.js:346:12)
    at next (C:\Users\naval\OneDrive\Desktop\FUNDOO_NOTES\node_modules\express\lib\router\index.js:280:10)
    at C:\Users\naval\OneDrive\Desktop\FUNDOO_NOTES\node_modules\body-parser\lib\read.js:137:5
    at AsyncResource.runInAsyncScope (node:async_hooks:206:9)
    at invokeCallback (C:\Users\naval\OneDrive\Desktop\FUNDOO_NOTES\node_modules\raw-body\index.js:238:16)
    at done (C:\Users\naval\OneDrive\Desktop\FUNDOO_NOTES\node_modules\raw-body\index.js:227:7)
    at IncomingMessage.onEnd (C:\Users\naval\OneDrive\Desktop\FUNDOO_NOTES\node_modules\raw-body\index.js:287:7)
    at IncomingMessage.emit (node:events:519:28)
    at endReadableNT (node:internal/streams/readable:1696:12)
    at processTicksAndRejections (node:internal/process/task_queues:82:21) 
    url - /api/users/reset 
    method - PUT 
    IP - ::ffff:127.0.0.1
   {"timestamp":"2024-05-06T14:38:44.705Z"}
info: Server started at http://localhost:3000/api-docs {"timestamp":"2024-05-06T14:42:03.660Z"}
error: 
    status - 500 
    message - JsonWebTokenError: jwt malformed
    at Object.verify (C:\Users\naval\OneDrive\Desktop\FUNDOO_NOTES\node_modules\jsonwebtoken\verify.js:63:17)
    at _callee2$ (C:\Users\naval\OneDrive\Desktop\FUNDOO_NOTES\src\middlewares\/auth.middleware.js:41:29)
    at tryCatch (C:\Users\naval\OneDrive\Desktop\FUNDOO_NOTES\node_modules\@babel\runtime\helpers\regeneratorRuntime.js:45:16)
    at Generator.<anonymous> (C:\Users\naval\OneDrive\Desktop\FUNDOO_NOTES\node_modules\@babel\runtime\helpers\regeneratorRuntime.js:133:17)
    at Generator.next (C:\Users\naval\OneDrive\Desktop\FUNDOO_NOTES\node_modules\@babel\runtime\helpers\regeneratorRuntime.js:74:21)
    at asyncGeneratorStep (C:\Users\naval\OneDrive\Desktop\FUNDOO_NOTES\node_modules\@babel\runtime\helpers\asyncToGenerator.js:3:24)
    at _next (C:\Users\naval\OneDrive\Desktop\FUNDOO_NOTES\node_modules\@babel\runtime\helpers\asyncToGenerator.js:22:9)
    at C:\Users\naval\OneDrive\Desktop\FUNDOO_NOTES\node_modules\@babel\runtime\helpers\asyncToGenerator.js:27:7
    at new Promise (<anonymous>)
    at apply (C:\Users\naval\OneDrive\Desktop\FUNDOO_NOTES\node_modules\@babel\runtime\helpers\asyncToGenerator.js:19:12)
    at resetAuth (C:\Users\naval\OneDrive\Desktop\FUNDOO_NOTES\src\middlewares\/auth.middleware.js:31:23)
    at Layer.handle [as handle_request] (C:\Users\naval\OneDrive\Desktop\FUNDOO_NOTES\node_modules\express\lib\router\layer.js:95:5)
    at next (C:\Users\naval\OneDrive\Desktop\FUNDOO_NOTES\node_modules\express\lib\router\route.js:149:13)
    at resetPasswordValidator (C:\Users\naval\OneDrive\Desktop\FUNDOO_NOTES\src\validators\/user.validator.js:42:5)
    at Layer.handle [as handle_request] (C:\Users\naval\OneDrive\Desktop\FUNDOO_NOTES\node_modules\express\lib\router\layer.js:95:5)
    at next (C:\Users\naval\OneDrive\Desktop\FUNDOO_NOTES\node_modules\express\lib\router\route.js:149:13)
    at Route.dispatch (C:\Users\naval\OneDrive\Desktop\FUNDOO_NOTES\node_modules\express\lib\router\route.js:119:3)
    at Layer.handle [as handle_request] (C:\Users\naval\OneDrive\Desktop\FUNDOO_NOTES\node_modules\express\lib\router\layer.js:95:5)
    at C:\Users\naval\OneDrive\Desktop\FUNDOO_NOTES\node_modules\express\lib\router\index.js:284:15
    at Function.process_params (C:\Users\naval\OneDrive\Desktop\FUNDOO_NOTES\node_modules\express\lib\router\index.js:346:12)
    at next (C:\Users\naval\OneDrive\Desktop\FUNDOO_NOTES\node_modules\express\lib\router\index.js:280:10)
    at Function.handle (C:\Users\naval\OneDrive\Desktop\FUNDOO_NOTES\node_modules\express\lib\router\index.js:175:3)
    at router (C:\Users\naval\OneDrive\Desktop\FUNDOO_NOTES\node_modules\express\lib\router\index.js:47:12)
    at Layer.handle [as handle_request] (C:\Users\naval\OneDrive\Desktop\FUNDOO_NOTES\node_modules\express\lib\router\layer.js:95:5)
    at trim_prefix (C:\Users\naval\OneDrive\Desktop\FUNDOO_NOTES\node_modules\express\lib\router\index.js:328:13)
    at C:\Users\naval\OneDrive\Desktop\FUNDOO_NOTES\node_modules\express\lib\router\index.js:286:9
    at Function.process_params (C:\Users\naval\OneDrive\Desktop\FUNDOO_NOTES\node_modules\express\lib\router\index.js:346:12)
    at next (C:\Users\naval\OneDrive\Desktop\FUNDOO_NOTES\node_modules\express\lib\router\index.js:280:10)
    at Function.handle (C:\Users\naval\OneDrive\Desktop\FUNDOO_NOTES\node_modules\express\lib\router\index.js:175:3)
    at router (C:\Users\naval\OneDrive\Desktop\FUNDOO_NOTES\node_modules\express\lib\router\index.js:47:12)
    at Layer.handle [as handle_request] (C:\Users\naval\OneDrive\Desktop\FUNDOO_NOTES\node_modules\express\lib\router\layer.js:95:5)
    at trim_prefix (C:\Users\naval\OneDrive\Desktop\FUNDOO_NOTES\node_modules\express\lib\router\index.js:328:13)
    at C:\Users\naval\OneDrive\Desktop\FUNDOO_NOTES\node_modules\express\lib\router\index.js:286:9
    at Function.process_params (C:\Users\naval\OneDrive\Desktop\FUNDOO_NOTES\node_modules\express\lib\router\index.js:346:12)
    at next (C:\Users\naval\OneDrive\Desktop\FUNDOO_NOTES\node_modules\express\lib\router\index.js:280:10)
    at C:\Users\naval\OneDrive\Desktop\FUNDOO_NOTES\node_modules\body-parser\lib\read.js:137:5
    at AsyncResource.runInAsyncScope (node:async_hooks:206:9)
    at invokeCallback (C:\Users\naval\OneDrive\Desktop\FUNDOO_NOTES\node_modules\raw-body\index.js:238:16)
    at done (C:\Users\naval\OneDrive\Desktop\FUNDOO_NOTES\node_modules\raw-body\index.js:227:7)
    at IncomingMessage.onEnd (C:\Users\naval\OneDrive\Desktop\FUNDOO_NOTES\node_modules\raw-body\index.js:287:7)
    at IncomingMessage.emit (node:events:519:28)
    at endReadableNT (node:internal/streams/readable:1696:12)
    at processTicksAndRejections (node:internal/process/task_queues:82:21) 
    url - /api/users/reset 
    method - PUT 
    IP - ::ffff:127.0.0.1
   {"timestamp":"2024-05-06T14:42:03.788Z"}
info: Server started at http://localhost:3000/api-docs {"timestamp":"2024-05-06T14:43:40.752Z"}
info: Connected to the database. {"timestamp":"2024-05-06T14:43:45.529Z"}
error: 
    status - 500 
    message - JsonWebTokenError: jwt malformed
    at Object.verify (C:\Users\naval\OneDrive\Desktop\FUNDOO_NOTES\node_modules\jsonwebtoken\verify.js:63:17)
    at _callee2$ (C:\Users\naval\OneDrive\Desktop\FUNDOO_NOTES\src\middlewares\/auth.middleware.js:41:29)
    at tryCatch (C:\Users\naval\OneDrive\Desktop\FUNDOO_NOTES\node_modules\@babel\runtime\helpers\regeneratorRuntime.js:45:16)
    at Generator.<anonymous> (C:\Users\naval\OneDrive\Desktop\FUNDOO_NOTES\node_modules\@babel\runtime\helpers\regeneratorRuntime.js:133:17)
    at Generator.next (C:\Users\naval\OneDrive\Desktop\FUNDOO_NOTES\node_modules\@babel\runtime\helpers\regeneratorRuntime.js:74:21)
    at asyncGeneratorStep (C:\Users\naval\OneDrive\Desktop\FUNDOO_NOTES\node_modules\@babel\runtime\helpers\asyncToGenerator.js:3:24)
    at _next (C:\Users\naval\OneDrive\Desktop\FUNDOO_NOTES\node_modules\@babel\runtime\helpers\asyncToGenerator.js:22:9)
    at C:\Users\naval\OneDrive\Desktop\FUNDOO_NOTES\node_modules\@babel\runtime\helpers\asyncToGenerator.js:27:7
    at new Promise (<anonymous>)
    at apply (C:\Users\naval\OneDrive\Desktop\FUNDOO_NOTES\node_modules\@babel\runtime\helpers\asyncToGenerator.js:19:12)
    at resetAuth (C:\Users\naval\OneDrive\Desktop\FUNDOO_NOTES\src\middlewares\/auth.middleware.js:31:23)
    at Layer.handle [as handle_request] (C:\Users\naval\OneDrive\Desktop\FUNDOO_NOTES\node_modules\express\lib\router\layer.js:95:5)
    at next (C:\Users\naval\OneDrive\Desktop\FUNDOO_NOTES\node_modules\express\lib\router\route.js:149:13)
    at resetPasswordValidator (C:\Users\naval\OneDrive\Desktop\FUNDOO_NOTES\src\validators\/user.validator.js:42:5)
    at Layer.handle [as handle_request] (C:\Users\naval\OneDrive\Desktop\FUNDOO_NOTES\node_modules\express\lib\router\layer.js:95:5)
    at next (C:\Users\naval\OneDrive\Desktop\FUNDOO_NOTES\node_modules\express\lib\router\route.js:149:13)
    at Route.dispatch (C:\Users\naval\OneDrive\Desktop\FUNDOO_NOTES\node_modules\express\lib\router\route.js:119:3)
    at Layer.handle [as handle_request] (C:\Users\naval\OneDrive\Desktop\FUNDOO_NOTES\node_modules\express\lib\router\layer.js:95:5)
    at C:\Users\naval\OneDrive\Desktop\FUNDOO_NOTES\node_modules\express\lib\router\index.js:284:15
    at Function.process_params (C:\Users\naval\OneDrive\Desktop\FUNDOO_NOTES\node_modules\express\lib\router\index.js:346:12)
    at next (C:\Users\naval\OneDrive\Desktop\FUNDOO_NOTES\node_modules\express\lib\router\index.js:280:10)
    at Function.handle (C:\Users\naval\OneDrive\Desktop\FUNDOO_NOTES\node_modules\express\lib\router\index.js:175:3)
    at router (C:\Users\naval\OneDrive\Desktop\FUNDOO_NOTES\node_modules\express\lib\router\index.js:47:12)
    at Layer.handle [as handle_request] (C:\Users\naval\OneDrive\Desktop\FUNDOO_NOTES\node_modules\express\lib\router\layer.js:95:5)
    at trim_prefix (C:\Users\naval\OneDrive\Desktop\FUNDOO_NOTES\node_modules\express\lib\router\index.js:328:13)
    at C:\Users\naval\OneDrive\Desktop\FUNDOO_NOTES\node_modules\express\lib\router\index.js:286:9
    at Function.process_params (C:\Users\naval\OneDrive\Desktop\FUNDOO_NOTES\node_modules\express\lib\router\index.js:346:12)
    at next (C:\Users\naval\OneDrive\Desktop\FUNDOO_NOTES\node_modules\express\lib\router\index.js:280:10)
    at Function.handle (C:\Users\naval\OneDrive\Desktop\FUNDOO_NOTES\node_modules\express\lib\router\index.js:175:3)
    at router (C:\Users\naval\OneDrive\Desktop\FUNDOO_NOTES\node_modules\express\lib\router\index.js:47:12)
    at Layer.handle [as handle_request] (C:\Users\naval\OneDrive\Desktop\FUNDOO_NOTES\node_modules\express\lib\router\layer.js:95:5)
    at trim_prefix (C:\Users\naval\OneDrive\Desktop\FUNDOO_NOTES\node_modules\express\lib\router\index.js:328:13)
    at C:\Users\naval\OneDrive\Desktop\FUNDOO_NOTES\node_modules\express\lib\router\index.js:286:9
    at Function.process_params (C:\Users\naval\OneDrive\Desktop\FUNDOO_NOTES\node_modules\express\lib\router\index.js:346:12)
    at next (C:\Users\naval\OneDrive\Desktop\FUNDOO_NOTES\node_modules\express\lib\router\index.js:280:10)
    at C:\Users\naval\OneDrive\Desktop\FUNDOO_NOTES\node_modules\body-parser\lib\read.js:137:5
    at AsyncResource.runInAsyncScope (node:async_hooks:206:9)
    at invokeCallback (C:\Users\naval\OneDrive\Desktop\FUNDOO_NOTES\node_modules\raw-body\index.js:238:16)
    at done (C:\Users\naval\OneDrive\Desktop\FUNDOO_NOTES\node_modules\raw-body\index.js:227:7)
    at IncomingMessage.onEnd (C:\Users\naval\OneDrive\Desktop\FUNDOO_NOTES\node_modules\raw-body\index.js:287:7)
    at IncomingMessage.emit (node:events:519:28)
    at endReadableNT (node:internal/streams/readable:1696:12)
    at processTicksAndRejections (node:internal/process/task_queues:82:21) 
    url - /api/users/reset 
    method - PUT 
    IP - ::ffff:127.0.0.1
   {"timestamp":"2024-05-06T14:43:45.849Z"}
info: Server started at http://localhost:3000/api-docs {"timestamp":"2024-05-06T14:46:26.752Z"}
error: 
    status - 500 
    message - JsonWebTokenError: jwt malformed
    at Object.verify (C:\Users\naval\OneDrive\Desktop\FUNDOO_NOTES\node_modules\jsonwebtoken\verify.js:63:17)
    at _callee2$ (C:\Users\naval\OneDrive\Desktop\FUNDOO_NOTES\src\middlewares\/auth.middleware.js:41:29)
    at tryCatch (C:\Users\naval\OneDrive\Desktop\FUNDOO_NOTES\node_modules\@babel\runtime\helpers\regeneratorRuntime.js:45:16)
    at Generator.<anonymous> (C:\Users\naval\OneDrive\Desktop\FUNDOO_NOTES\node_modules\@babel\runtime\helpers\regeneratorRuntime.js:133:17)
    at Generator.next (C:\Users\naval\OneDrive\Desktop\FUNDOO_NOTES\node_modules\@babel\runtime\helpers\regeneratorRuntime.js:74:21)
    at asyncGeneratorStep (C:\Users\naval\OneDrive\Desktop\FUNDOO_NOTES\node_modules\@babel\runtime\helpers\asyncToGenerator.js:3:24)
    at _next (C:\Users\naval\OneDrive\Desktop\FUNDOO_NOTES\node_modules\@babel\runtime\helpers\asyncToGenerator.js:22:9)
    at C:\Users\naval\OneDrive\Desktop\FUNDOO_NOTES\node_modules\@babel\runtime\helpers\asyncToGenerator.js:27:7
    at new Promise (<anonymous>)
    at apply (C:\Users\naval\OneDrive\Desktop\FUNDOO_NOTES\node_modules\@babel\runtime\helpers\asyncToGenerator.js:19:12)
    at resetAuth (C:\Users\naval\OneDrive\Desktop\FUNDOO_NOTES\src\middlewares\/auth.middleware.js:31:23)
    at Layer.handle [as handle_request] (C:\Users\naval\OneDrive\Desktop\FUNDOO_NOTES\node_modules\express\lib\router\layer.js:95:5)
    at next (C:\Users\naval\OneDrive\Desktop\FUNDOO_NOTES\node_modules\express\lib\router\route.js:149:13)
    at resetPasswordValidator (C:\Users\naval\OneDrive\Desktop\FUNDOO_NOTES\src\validators\/user.validator.js:42:5)
    at Layer.handle [as handle_request] (C:\Users\naval\OneDrive\Desktop\FUNDOO_NOTES\node_modules\express\lib\router\layer.js:95:5)
    at next (C:\Users\naval\OneDrive\Desktop\FUNDOO_NOTES\node_modules\express\lib\router\route.js:149:13)
    at Route.dispatch (C:\Users\naval\OneDrive\Desktop\FUNDOO_NOTES\node_modules\express\lib\router\route.js:119:3)
    at Layer.handle [as handle_request] (C:\Users\naval\OneDrive\Desktop\FUNDOO_NOTES\node_modules\express\lib\router\layer.js:95:5)
    at C:\Users\naval\OneDrive\Desktop\FUNDOO_NOTES\node_modules\express\lib\router\index.js:284:15
    at Function.process_params (C:\Users\naval\OneDrive\Desktop\FUNDOO_NOTES\node_modules\express\lib\router\index.js:346:12)
    at next (C:\Users\naval\OneDrive\Desktop\FUNDOO_NOTES\node_modules\express\lib\router\index.js:280:10)
    at Function.handle (C:\Users\naval\OneDrive\Desktop\FUNDOO_NOTES\node_modules\express\lib\router\index.js:175:3)
    at router (C:\Users\naval\OneDrive\Desktop\FUNDOO_NOTES\node_modules\express\lib\router\index.js:47:12)
    at Layer.handle [as handle_request] (C:\Users\naval\OneDrive\Desktop\FUNDOO_NOTES\node_modules\express\lib\router\layer.js:95:5)
    at trim_prefix (C:\Users\naval\OneDrive\Desktop\FUNDOO_NOTES\node_modules\express\lib\router\index.js:328:13)
    at C:\Users\naval\OneDrive\Desktop\FUNDOO_NOTES\node_modules\express\lib\router\index.js:286:9
    at Function.process_params (C:\Users\naval\OneDrive\Desktop\FUNDOO_NOTES\node_modules\express\lib\router\index.js:346:12)
    at next (C:\Users\naval\OneDrive\Desktop\FUNDOO_NOTES\node_modules\express\lib\router\index.js:280:10)
    at Function.handle (C:\Users\naval\OneDrive\Desktop\FUNDOO_NOTES\node_modules\express\lib\router\index.js:175:3)
    at router (C:\Users\naval\OneDrive\Desktop\FUNDOO_NOTES\node_modules\express\lib\router\index.js:47:12)
    at Layer.handle [as handle_request] (C:\Users\naval\OneDrive\Desktop\FUNDOO_NOTES\node_modules\express\lib\router\layer.js:95:5)
    at trim_prefix (C:\Users\naval\OneDrive\Desktop\FUNDOO_NOTES\node_modules\express\lib\router\index.js:328:13)
    at C:\Users\naval\OneDrive\Desktop\FUNDOO_NOTES\node_modules\express\lib\router\index.js:286:9
    at Function.process_params (C:\Users\naval\OneDrive\Desktop\FUNDOO_NOTES\node_modules\express\lib\router\index.js:346:12)
    at next (C:\Users\naval\OneDrive\Desktop\FUNDOO_NOTES\node_modules\express\lib\router\index.js:280:10)
    at C:\Users\naval\OneDrive\Desktop\FUNDOO_NOTES\node_modules\body-parser\lib\read.js:137:5
    at AsyncResource.runInAsyncScope (node:async_hooks:206:9)
    at invokeCallback (C:\Users\naval\OneDrive\Desktop\FUNDOO_NOTES\node_modules\raw-body\index.js:238:16)
    at done (C:\Users\naval\OneDrive\Desktop\FUNDOO_NOTES\node_modules\raw-body\index.js:227:7)
    at IncomingMessage.onEnd (C:\Users\naval\OneDrive\Desktop\FUNDOO_NOTES\node_modules\raw-body\index.js:287:7)
    at IncomingMessage.emit (node:events:519:28)
    at endReadableNT (node:internal/streams/readable:1696:12)
    at processTicksAndRejections (node:internal/process/task_queues:82:21) 
    url - /api/users/reset 
    method - PUT 
    IP - ::ffff:127.0.0.1
   {"timestamp":"2024-05-06T14:46:26.838Z"}
info: Server started at http://localhost:3000/api-docs {"timestamp":"2024-05-06T14:49:14.240Z"}
error: 
    status - 500 
    message - JsonWebTokenError: jwt malformed
    at Object.verify (C:\Users\naval\OneDrive\Desktop\FUNDOO_NOTES\node_modules\jsonwebtoken\verify.js:63:17)
    at _callee2$ (C:\Users\naval\OneDrive\Desktop\FUNDOO_NOTES\src\middlewares\/auth.middleware.js:41:29)
    at tryCatch (C:\Users\naval\OneDrive\Desktop\FUNDOO_NOTES\node_modules\@babel\runtime\helpers\regeneratorRuntime.js:45:16)
    at Generator.<anonymous> (C:\Users\naval\OneDrive\Desktop\FUNDOO_NOTES\node_modules\@babel\runtime\helpers\regeneratorRuntime.js:133:17)
    at Generator.next (C:\Users\naval\OneDrive\Desktop\FUNDOO_NOTES\node_modules\@babel\runtime\helpers\regeneratorRuntime.js:74:21)
    at asyncGeneratorStep (C:\Users\naval\OneDrive\Desktop\FUNDOO_NOTES\node_modules\@babel\runtime\helpers\asyncToGenerator.js:3:24)
    at _next (C:\Users\naval\OneDrive\Desktop\FUNDOO_NOTES\node_modules\@babel\runtime\helpers\asyncToGenerator.js:22:9)
    at C:\Users\naval\OneDrive\Desktop\FUNDOO_NOTES\node_modules\@babel\runtime\helpers\asyncToGenerator.js:27:7
    at new Promise (<anonymous>)
    at apply (C:\Users\naval\OneDrive\Desktop\FUNDOO_NOTES\node_modules\@babel\runtime\helpers\asyncToGenerator.js:19:12)
    at resetAuth (C:\Users\naval\OneDrive\Desktop\FUNDOO_NOTES\src\middlewares\/auth.middleware.js:31:23)
    at Layer.handle [as handle_request] (C:\Users\naval\OneDrive\Desktop\FUNDOO_NOTES\node_modules\express\lib\router\layer.js:95:5)
    at next (C:\Users\naval\OneDrive\Desktop\FUNDOO_NOTES\node_modules\express\lib\router\route.js:149:13)
    at resetPasswordValidator (C:\Users\naval\OneDrive\Desktop\FUNDOO_NOTES\src\validators\/user.validator.js:42:5)
    at Layer.handle [as handle_request] (C:\Users\naval\OneDrive\Desktop\FUNDOO_NOTES\node_modules\express\lib\router\layer.js:95:5)
    at next (C:\Users\naval\OneDrive\Desktop\FUNDOO_NOTES\node_modules\express\lib\router\route.js:149:13)
    at Route.dispatch (C:\Users\naval\OneDrive\Desktop\FUNDOO_NOTES\node_modules\express\lib\router\route.js:119:3)
    at Layer.handle [as handle_request] (C:\Users\naval\OneDrive\Desktop\FUNDOO_NOTES\node_modules\express\lib\router\layer.js:95:5)
    at C:\Users\naval\OneDrive\Desktop\FUNDOO_NOTES\node_modules\express\lib\router\index.js:284:15
    at Function.process_params (C:\Users\naval\OneDrive\Desktop\FUNDOO_NOTES\node_modules\express\lib\router\index.js:346:12)
    at next (C:\Users\naval\OneDrive\Desktop\FUNDOO_NOTES\node_modules\express\lib\router\index.js:280:10)
    at Function.handle (C:\Users\naval\OneDrive\Desktop\FUNDOO_NOTES\node_modules\express\lib\router\index.js:175:3)
    at router (C:\Users\naval\OneDrive\Desktop\FUNDOO_NOTES\node_modules\express\lib\router\index.js:47:12)
    at Layer.handle [as handle_request] (C:\Users\naval\OneDrive\Desktop\FUNDOO_NOTES\node_modules\express\lib\router\layer.js:95:5)
    at trim_prefix (C:\Users\naval\OneDrive\Desktop\FUNDOO_NOTES\node_modules\express\lib\router\index.js:328:13)
    at C:\Users\naval\OneDrive\Desktop\FUNDOO_NOTES\node_modules\express\lib\router\index.js:286:9
    at Function.process_params (C:\Users\naval\OneDrive\Desktop\FUNDOO_NOTES\node_modules\express\lib\router\index.js:346:12)
    at next (C:\Users\naval\OneDrive\Desktop\FUNDOO_NOTES\node_modules\express\lib\router\index.js:280:10)
    at Function.handle (C:\Users\naval\OneDrive\Desktop\FUNDOO_NOTES\node_modules\express\lib\router\index.js:175:3)
    at router (C:\Users\naval\OneDrive\Desktop\FUNDOO_NOTES\node_modules\express\lib\router\index.js:47:12)
    at Layer.handle [as handle_request] (C:\Users\naval\OneDrive\Desktop\FUNDOO_NOTES\node_modules\express\lib\router\layer.js:95:5)
    at trim_prefix (C:\Users\naval\OneDrive\Desktop\FUNDOO_NOTES\node_modules\express\lib\router\index.js:328:13)
    at C:\Users\naval\OneDrive\Desktop\FUNDOO_NOTES\node_modules\express\lib\router\index.js:286:9
    at Function.process_params (C:\Users\naval\OneDrive\Desktop\FUNDOO_NOTES\node_modules\express\lib\router\index.js:346:12)
    at next (C:\Users\naval\OneDrive\Desktop\FUNDOO_NOTES\node_modules\express\lib\router\index.js:280:10)
    at C:\Users\naval\OneDrive\Desktop\FUNDOO_NOTES\node_modules\body-parser\lib\read.js:137:5
    at AsyncResource.runInAsyncScope (node:async_hooks:206:9)
    at invokeCallback (C:\Users\naval\OneDrive\Desktop\FUNDOO_NOTES\node_modules\raw-body\index.js:238:16)
    at done (C:\Users\naval\OneDrive\Desktop\FUNDOO_NOTES\node_modules\raw-body\index.js:227:7)
    at IncomingMessage.onEnd (C:\Users\naval\OneDrive\Desktop\FUNDOO_NOTES\node_modules\raw-body\index.js:287:7)
    at IncomingMessage.emit (node:events:519:28)
    at endReadableNT (node:internal/streams/readable:1696:12)
    at processTicksAndRejections (node:internal/process/task_queues:82:21) 
    url - /api/users/reset 
    method - PUT 
    IP - ::ffff:127.0.0.1
   {"timestamp":"2024-05-06T14:49:14.335Z"}
info: Server started at http://localhost:3000/api-docs {"timestamp":"2024-05-06T14:54:03.160Z"}
info: Server started at http://localhost:3000/api-docs {"timestamp":"2024-05-06T14:54:27.396Z"}
info: Server started at http://localhost:3000/api-docs {"timestamp":"2024-05-06T14:54:47.305Z"}
error: 
    status - 500 
    message - JsonWebTokenError: jwt malformed
    at Object.verify (C:\Users\naval\OneDrive\Desktop\FUNDOO_NOTES\node_modules\jsonwebtoken\verify.js:63:17)
    at _callee2$ (C:\Users\naval\OneDrive\Desktop\FUNDOO_NOTES\src\middlewares\/auth.middleware.js:41:29)
    at tryCatch (C:\Users\naval\OneDrive\Desktop\FUNDOO_NOTES\node_modules\@babel\runtime\helpers\regeneratorRuntime.js:45:16)
    at Generator.<anonymous> (C:\Users\naval\OneDrive\Desktop\FUNDOO_NOTES\node_modules\@babel\runtime\helpers\regeneratorRuntime.js:133:17)
    at Generator.next (C:\Users\naval\OneDrive\Desktop\FUNDOO_NOTES\node_modules\@babel\runtime\helpers\regeneratorRuntime.js:74:21)
    at asyncGeneratorStep (C:\Users\naval\OneDrive\Desktop\FUNDOO_NOTES\node_modules\@babel\runtime\helpers\asyncToGenerator.js:3:24)
    at _next (C:\Users\naval\OneDrive\Desktop\FUNDOO_NOTES\node_modules\@babel\runtime\helpers\asyncToGenerator.js:22:9)
    at C:\Users\naval\OneDrive\Desktop\FUNDOO_NOTES\node_modules\@babel\runtime\helpers\asyncToGenerator.js:27:7
    at new Promise (<anonymous>)
    at apply (C:\Users\naval\OneDrive\Desktop\FUNDOO_NOTES\node_modules\@babel\runtime\helpers\asyncToGenerator.js:19:12)
    at resetAuth (C:\Users\naval\OneDrive\Desktop\FUNDOO_NOTES\src\middlewares\/auth.middleware.js:31:23)
    at Layer.handle [as handle_request] (C:\Users\naval\OneDrive\Desktop\FUNDOO_NOTES\node_modules\express\lib\router\layer.js:95:5)
    at next (C:\Users\naval\OneDrive\Desktop\FUNDOO_NOTES\node_modules\express\lib\router\route.js:149:13)
    at resetPasswordValidator (C:\Users\naval\OneDrive\Desktop\FUNDOO_NOTES\src\validators\/user.validator.js:42:5)
    at Layer.handle [as handle_request] (C:\Users\naval\OneDrive\Desktop\FUNDOO_NOTES\node_modules\express\lib\router\layer.js:95:5)
    at next (C:\Users\naval\OneDrive\Desktop\FUNDOO_NOTES\node_modules\express\lib\router\route.js:149:13)
    at Route.dispatch (C:\Users\naval\OneDrive\Desktop\FUNDOO_NOTES\node_modules\express\lib\router\route.js:119:3)
    at Layer.handle [as handle_request] (C:\Users\naval\OneDrive\Desktop\FUNDOO_NOTES\node_modules\express\lib\router\layer.js:95:5)
    at C:\Users\naval\OneDrive\Desktop\FUNDOO_NOTES\node_modules\express\lib\router\index.js:284:15
    at Function.process_params (C:\Users\naval\OneDrive\Desktop\FUNDOO_NOTES\node_modules\express\lib\router\index.js:346:12)
    at next (C:\Users\naval\OneDrive\Desktop\FUNDOO_NOTES\node_modules\express\lib\router\index.js:280:10)
    at Function.handle (C:\Users\naval\OneDrive\Desktop\FUNDOO_NOTES\node_modules\express\lib\router\index.js:175:3)
    at router (C:\Users\naval\OneDrive\Desktop\FUNDOO_NOTES\node_modules\express\lib\router\index.js:47:12)
    at Layer.handle [as handle_request] (C:\Users\naval\OneDrive\Desktop\FUNDOO_NOTES\node_modules\express\lib\router\layer.js:95:5)
    at trim_prefix (C:\Users\naval\OneDrive\Desktop\FUNDOO_NOTES\node_modules\express\lib\router\index.js:328:13)
    at C:\Users\naval\OneDrive\Desktop\FUNDOO_NOTES\node_modules\express\lib\router\index.js:286:9
    at Function.process_params (C:\Users\naval\OneDrive\Desktop\FUNDOO_NOTES\node_modules\express\lib\router\index.js:346:12)
    at next (C:\Users\naval\OneDrive\Desktop\FUNDOO_NOTES\node_modules\express\lib\router\index.js:280:10)
    at Function.handle (C:\Users\naval\OneDrive\Desktop\FUNDOO_NOTES\node_modules\express\lib\router\index.js:175:3)
    at router (C:\Users\naval\OneDrive\Desktop\FUNDOO_NOTES\node_modules\express\lib\router\index.js:47:12)
    at Layer.handle [as handle_request] (C:\Users\naval\OneDrive\Desktop\FUNDOO_NOTES\node_modules\express\lib\router\layer.js:95:5)
    at trim_prefix (C:\Users\naval\OneDrive\Desktop\FUNDOO_NOTES\node_modules\express\lib\router\index.js:328:13)
    at C:\Users\naval\OneDrive\Desktop\FUNDOO_NOTES\node_modules\express\lib\router\index.js:286:9
    at Function.process_params (C:\Users\naval\OneDrive\Desktop\FUNDOO_NOTES\node_modules\express\lib\router\index.js:346:12)
    at next (C:\Users\naval\OneDrive\Desktop\FUNDOO_NOTES\node_modules\express\lib\router\index.js:280:10)
    at C:\Users\naval\OneDrive\Desktop\FUNDOO_NOTES\node_modules\body-parser\lib\read.js:137:5
    at AsyncResource.runInAsyncScope (node:async_hooks:206:9)
    at invokeCallback (C:\Users\naval\OneDrive\Desktop\FUNDOO_NOTES\node_modules\raw-body\index.js:238:16)
    at done (C:\Users\naval\OneDrive\Desktop\FUNDOO_NOTES\node_modules\raw-body\index.js:227:7)
    at IncomingMessage.onEnd (C:\Users\naval\OneDrive\Desktop\FUNDOO_NOTES\node_modules\raw-body\index.js:287:7)
    at IncomingMessage.emit (node:events:519:28)
    at endReadableNT (node:internal/streams/readable:1696:12)
    at processTicksAndRejections (node:internal/process/task_queues:82:21) 
    url - /api/users/reset 
    method - PUT 
    IP - ::ffff:127.0.0.1
   {"timestamp":"2024-05-06T14:54:47.458Z"}
